<?xml version="1.0" encoding="UTF-8"?>
<!-- Generated by org.testng.reporters.JUnitXMLReporter -->
<testsuite ignored="0" hostname="RUTURAJ" failures="0" tests="1" name="Default test" time="0.296" errors="0" timestamp="2022-02-14T23:44:56 IST">
  <testcase classname="test.VerifyPlayersSearchButton" name="@BeforeTest launchTheBrowser" time="-1.644862495429E9">
    <failure type="org.testng.TestNGException" message="
Parameter &amp;apos;browser&amp;apos; is required by BeforeTest on method launchTheBrowser but has not been marked @Optional or defined
in C:\Users\HP\AppData\Local\Temp\testng-eclipse--1010705497\testng-customsuite.xml">
      <![CDATA[org.testng.TestNGException: 
Parameter 'browser' is required by BeforeTest on method launchTheBrowser but has not been marked @Optional or defined
in C:\Users\HP\AppData\Local\Temp\testng-eclipse--1010705497\testng-customsuite.xml
at org.testng.internal.Parameters.createParams(Parameters.java:270)
at org.testng.internal.Parameters.createParametersForMethod(Parameters.java:358)
at org.testng.internal.Parameters.createParameters(Parameters.java:700)
at org.testng.internal.Parameters.createConfigurationParameters(Parameters.java:168)
at org.testng.internal.ConfigInvoker.invokeConfigurations(ConfigInvoker.java:302)
at org.testng.TestRunner.invokeTestConfigurations(TestRunner.java:637)
at org.testng.TestRunner.beforeRun(TestRunner.java:627)
at org.testng.TestRunner.run(TestRunner.java:589)
at org.testng.SuiteRunner.runTest(SuiteRunner.java:377)
at org.testng.SuiteRunner.runSequentially(SuiteRunner.java:371)
at org.testng.SuiteRunner.privateRun(SuiteRunner.java:332)
at org.testng.SuiteRunner.run(SuiteRunner.java:276)
at org.testng.SuiteRunnerWorker.runSuite(SuiteRunnerWorker.java:53)
at org.testng.SuiteRunnerWorker.run(SuiteRunnerWorker.java:96)
at org.testng.TestNG.runSuitesSequentially(TestNG.java:1212)
at org.testng.TestNG.runSuitesLocally(TestNG.java:1134)
at org.testng.TestNG.runSuites(TestNG.java:1063)
at org.testng.TestNG.run(TestNG.java:1031)
at org.testng.remote.AbstractRemoteTestNG.run(AbstractRemoteTestNG.java:115)
at org.testng.remote.RemoteTestNG.initAndRun(RemoteTestNG.java:251)
at org.testng.remote.RemoteTestNG.main(RemoteTestNG.java:77)
]]>
    </failure>
  </testcase> <!-- @BeforeTest launchTheBrowser -->
  <testcase classname="test.VerifyPlayersSearchButton" name="@BeforeClass createPOMObject" time="-1.644862495648E9">
    <skipped/>
  </testcase> <!-- @BeforeClass createPOMObject -->
  <testcase classname="test.VerifyPlayersSearchButton" name="@BeforeMethod toGoOnMobileSite" time="-1.644862495674E9">
    <skipped/>
  </testcase> <!-- @BeforeMethod toGoOnMobileSite -->
  <testcase classname="test.VerifyPlayersSearchButton" name="@AfterMethod goBackOnMobileSitePage" time="-1.644862495694E9">
    <skipped/>
  </testcase> <!-- @AfterMethod goBackOnMobileSitePage -->
  <testcase classname="test.VerifyPlayersSearchButton" name="@AfterClass clearPOMObject" time="-1.644862495704E9">
    <skipped/>
  </testcase> <!-- @AfterClass clearPOMObject -->
  <testcase classname="test.VerifyPlayersSearchButton" name="@AfterTest closeTheBrowser" time="-1.644862495714E9">
    <skipped/>
  </testcase> <!-- @AfterTest closeTheBrowser -->
  <testcase classname="test.VerifyPlayersSearchButton" name="toVerifyPlayerSearchButton" time="0.0">
    <skipped/>
  </testcase> <!-- toVerifyPlayerSearchButton -->
</testsuite> <!-- Default test -->
